2025-09-24 21:38:41 error: [Cake\Routing\Exception\MissingRouteException] A route matching `/http://localhost:8765/reactivos` could not be found. in C:\examenes_sistema\vendor\cakephp\cakephp\src\Routing\RouteCollection.php on line 188
Exception Attributes: array (
  'url' => '/http://localhost:8765/reactivos',
)
Stack Trace:
- CORE\src\Routing\Router.php:197
- CORE\src\Routing\Middleware\RoutingMiddleware.php:96
- CORE\src\Http\Runner.php:82
- CORE\src\Routing\Middleware\AssetMiddleware.php:70
- CORE\src\Http\Runner.php:82
- CORE\src\Error\Middleware\ErrorHandlerMiddleware.php:115
- CORE\src\Http\Runner.php:82
- ROOT\vendor\cakephp\debug_kit\src\Middleware\DebugKitMiddleware.php:60
- CORE\src\Http\Runner.php:82
- CORE\src\Http\Runner.php:60
- CORE\src\Http\Server.php:104
- ROOT\webroot\index.php:37
- [main]:

Request URL: /http://localhost:8765/reactivos
2025-09-27 01:11:54 error: [Cake\Http\Exception\MissingControllerException] Controller class `Login` could not be found. in C:\examenes_sistema\vendor\cakephp\cakephp\src\Controller\ControllerFactory.php on line 335
Exception Attributes: array (
  'controller' => 'Login',
  'plugin' => NULL,
  'prefix' => NULL,
  '_ext' => NULL,
)
Stack Trace:
- CORE\src\Controller\ControllerFactory.php:77
- CORE\src\Http\BaseApplication.php:360
- CORE\src\Http\Runner.php:86
- ROOT\vendor\cakephp\authentication\src\Middleware\AuthenticationMiddleware.php:106
- CORE\src\Http\Runner.php:82
- CORE\src\Http\Middleware\CsrfProtectionMiddleware.php:169
- CORE\src\Http\Runner.php:82
- CORE\src\Http\Middleware\BodyParserMiddleware.php:157
- CORE\src\Http\Runner.php:82
- CORE\src\Routing\Middleware\RoutingMiddleware.php:117
- CORE\src\Http\Runner.php:82
- CORE\src\Routing\Middleware\AssetMiddleware.php:70
- CORE\src\Http\Runner.php:82
- CORE\src\Error\Middleware\ErrorHandlerMiddleware.php:115
- CORE\src\Http\Runner.php:82
- ROOT\vendor\cakephp\debug_kit\src\Middleware\DebugKitMiddleware.php:60
- CORE\src\Http\Runner.php:82
- CORE\src\Http\Runner.php:60
- CORE\src\Http\Server.php:104
- ROOT\webroot\index.php:37
- [main]:

Request URL: /login
2025-09-27 01:46:52 error: [Cake\Controller\Exception\MissingComponentException] Component class `RequestHandlerComponent` could not be found. in C:\examenes_sistema\vendor\cakephp\cakephp\src\Controller\ComponentRegistry.php on line 130
Exception Attributes: array (
  'class' => 'RequestHandlerComponent',
  'plugin' => NULL,
)
Stack Trace:
- CORE\src\Core\ObjectRegistry.php:111
- CORE\src\Controller\Controller.php:284
- APP/Controller\AppController.php:13
- CORE\src\Controller\Controller.php:238
- [internal]:??
- CORE\src\Controller\ControllerFactory.php:111
- CORE\src\Http\BaseApplication.php:360
- CORE\src\Http\Runner.php:86
- ROOT\vendor\cakephp\authentication\src\Middleware\AuthenticationMiddleware.php:106
- CORE\src\Http\Runner.php:82
- CORE\src\Http\Middleware\CsrfProtectionMiddleware.php:169
- CORE\src\Http\Runner.php:82
- CORE\src\Http\Middleware\BodyParserMiddleware.php:157
- CORE\src\Http\Runner.php:82
- CORE\src\Routing\Middleware\RoutingMiddleware.php:117
- CORE\src\Http\Runner.php:82
- CORE\src\Routing\Middleware\AssetMiddleware.php:70
- CORE\src\Http\Runner.php:82
- CORE\src\Error\Middleware\ErrorHandlerMiddleware.php:115
- CORE\src\Http\Runner.php:82
- ROOT\vendor\cakephp\debug_kit\src\Middleware\DebugKitMiddleware.php:60
- CORE\src\Http\Runner.php:82
- CORE\src\Http\Runner.php:60
- CORE\src\Http\Server.php:104
- ROOT\webroot\index.php:37
- [main]:

Request URL: /pages/dashboard
2025-09-27 01:47:19 error: [Cake\Controller\Exception\MissingComponentException] Component class `RequestHandlerComponent` could not be found. in C:\examenes_sistema\vendor\cakephp\cakephp\src\Controller\ComponentRegistry.php on line 130
Exception Attributes: array (
  'class' => 'RequestHandlerComponent',
  'plugin' => NULL,
)
Stack Trace:
- CORE\src\Core\ObjectRegistry.php:111
- CORE\src\Controller\Controller.php:284
- APP/Controller\AppController.php:13
- CORE\src\Controller\Controller.php:238
- [internal]:??
- CORE\src\Controller\ControllerFactory.php:111
- CORE\src\Http\BaseApplication.php:360
- CORE\src\Http\Runner.php:86
- ROOT\vendor\cakephp\authentication\src\Middleware\AuthenticationMiddleware.php:106
- CORE\src\Http\Runner.php:82
- CORE\src\Http\Middleware\CsrfProtectionMiddleware.php:169
- CORE\src\Http\Runner.php:82
- CORE\src\Http\Middleware\BodyParserMiddleware.php:157
- CORE\src\Http\Runner.php:82
- CORE\src\Routing\Middleware\RoutingMiddleware.php:117
- CORE\src\Http\Runner.php:82
- CORE\src\Routing\Middleware\AssetMiddleware.php:70
- CORE\src\Http\Runner.php:82
- CORE\src\Error\Middleware\ErrorHandlerMiddleware.php:115
- CORE\src\Http\Runner.php:82
- ROOT\vendor\cakephp\debug_kit\src\Middleware\DebugKitMiddleware.php:60
- CORE\src\Http\Runner.php:82
- CORE\src\Http\Runner.php:60
- CORE\src\Http\Server.php:104
- ROOT\webroot\index.php:37
- [main]:

Request URL: /pages/dashboard
2025-09-27 01:47:37 error: [Cake\Controller\Exception\MissingComponentException] Component class `RequestHandlerComponent` could not be found. in C:\examenes_sistema\vendor\cakephp\cakephp\src\Controller\ComponentRegistry.php on line 130
Exception Attributes: array (
  'class' => 'RequestHandlerComponent',
  'plugin' => NULL,
)
Stack Trace:
- CORE\src\Core\ObjectRegistry.php:111
- CORE\src\Controller\Controller.php:284
- APP/Controller\AppController.php:13
- CORE\src\Controller\Controller.php:238
- [internal]:??
- CORE\src\Controller\ControllerFactory.php:111
- CORE\src\Http\BaseApplication.php:360
- CORE\src\Http\Runner.php:86
- ROOT\vendor\cakephp\authentication\src\Middleware\AuthenticationMiddleware.php:106
- CORE\src\Http\Runner.php:82
- CORE\src\Http\Middleware\CsrfProtectionMiddleware.php:169
- CORE\src\Http\Runner.php:82
- CORE\src\Http\Middleware\BodyParserMiddleware.php:157
- CORE\src\Http\Runner.php:82
- CORE\src\Routing\Middleware\RoutingMiddleware.php:117
- CORE\src\Http\Runner.php:82
- CORE\src\Routing\Middleware\AssetMiddleware.php:70
- CORE\src\Http\Runner.php:82
- CORE\src\Error\Middleware\ErrorHandlerMiddleware.php:115
- CORE\src\Http\Runner.php:82
- ROOT\vendor\cakephp\debug_kit\src\Middleware\DebugKitMiddleware.php:60
- CORE\src\Http\Runner.php:82
- CORE\src\Http\Runner.php:60
- CORE\src\Http\Server.php:104
- ROOT\webroot\index.php:37
- [main]:

Request URL: /pages/dashboard
2025-09-27 01:47:40 error: [Cake\Controller\Exception\MissingComponentException] Component class `RequestHandlerComponent` could not be found. in C:\examenes_sistema\vendor\cakephp\cakephp\src\Controller\ComponentRegistry.php on line 130
Exception Attributes: array (
  'class' => 'RequestHandlerComponent',
  'plugin' => NULL,
)
Stack Trace:
- CORE\src\Core\ObjectRegistry.php:111
- CORE\src\Controller\Controller.php:284
- APP/Controller\AppController.php:13
- CORE\src\Controller\Controller.php:238
- [internal]:??
- CORE\src\Controller\ControllerFactory.php:111
- CORE\src\Http\BaseApplication.php:360
- CORE\src\Http\Runner.php:86
- ROOT\vendor\cakephp\authentication\src\Middleware\AuthenticationMiddleware.php:106
- CORE\src\Http\Runner.php:82
- CORE\src\Http\Middleware\CsrfProtectionMiddleware.php:169
- CORE\src\Http\Runner.php:82
- CORE\src\Http\Middleware\BodyParserMiddleware.php:157
- CORE\src\Http\Runner.php:82
- CORE\src\Routing\Middleware\RoutingMiddleware.php:117
- CORE\src\Http\Runner.php:82
- CORE\src\Routing\Middleware\AssetMiddleware.php:70
- CORE\src\Http\Runner.php:82
- CORE\src\Error\Middleware\ErrorHandlerMiddleware.php:115
- CORE\src\Http\Runner.php:82
- ROOT\vendor\cakephp\debug_kit\src\Middleware\DebugKitMiddleware.php:60
- CORE\src\Http\Runner.php:82
- CORE\src\Http\Runner.php:60
- CORE\src\Http\Server.php:104
- ROOT\webroot\index.php:37
- [main]:

Request URL: /pages/dashboard
2025-09-27 01:48:09 error: [Cake\Controller\Exception\MissingComponentException] Component class `RequestHandlerComponent` could not be found. in C:\examenes_sistema\vendor\cakephp\cakephp\src\Controller\ComponentRegistry.php on line 130
Exception Attributes: array (
  'class' => 'RequestHandlerComponent',
  'plugin' => NULL,
)
Stack Trace:
- CORE\src\Core\ObjectRegistry.php:111
- CORE\src\Controller\Controller.php:284
- APP/Controller\AppController.php:13
- CORE\src\Controller\Controller.php:238
- [internal]:??
- CORE\src\Controller\ControllerFactory.php:111
- CORE\src\Http\BaseApplication.php:360
- CORE\src\Http\Runner.php:86
- ROOT\vendor\cakephp\authentication\src\Middleware\AuthenticationMiddleware.php:106
- CORE\src\Http\Runner.php:82
- CORE\src\Http\Middleware\CsrfProtectionMiddleware.php:169
- CORE\src\Http\Runner.php:82
- CORE\src\Http\Middleware\BodyParserMiddleware.php:157
- CORE\src\Http\Runner.php:82
- CORE\src\Routing\Middleware\RoutingMiddleware.php:117
- CORE\src\Http\Runner.php:82
- CORE\src\Routing\Middleware\AssetMiddleware.php:70
- CORE\src\Http\Runner.php:82
- CORE\src\Error\Middleware\ErrorHandlerMiddleware.php:115
- CORE\src\Http\Runner.php:82
- ROOT\vendor\cakephp\debug_kit\src\Middleware\DebugKitMiddleware.php:60
- CORE\src\Http\Runner.php:82
- CORE\src\Http\Runner.php:60
- CORE\src\Http\Server.php:104
- ROOT\webroot\index.php:37
- [main]:

Request URL: /pages/dashboard
2025-09-27 01:48:12 error: [Cake\Controller\Exception\MissingComponentException] Component class `RequestHandlerComponent` could not be found. in C:\examenes_sistema\vendor\cakephp\cakephp\src\Controller\ComponentRegistry.php on line 130
Exception Attributes: array (
  'class' => 'RequestHandlerComponent',
  'plugin' => NULL,
)
Stack Trace:
- CORE\src\Core\ObjectRegistry.php:111
- CORE\src\Controller\Controller.php:284
- APP/Controller\AppController.php:13
- CORE\src\Controller\Controller.php:238
- [internal]:??
- CORE\src\Controller\ControllerFactory.php:111
- CORE\src\Http\BaseApplication.php:360
- CORE\src\Http\Runner.php:86
- ROOT\vendor\cakephp\authentication\src\Middleware\AuthenticationMiddleware.php:106
- CORE\src\Http\Runner.php:82
- CORE\src\Http\Middleware\CsrfProtectionMiddleware.php:169
- CORE\src\Http\Runner.php:82
- CORE\src\Http\Middleware\BodyParserMiddleware.php:157
- CORE\src\Http\Runner.php:82
- CORE\src\Routing\Middleware\RoutingMiddleware.php:117
- CORE\src\Http\Runner.php:82
- CORE\src\Routing\Middleware\AssetMiddleware.php:70
- CORE\src\Http\Runner.php:82
- CORE\src\Error\Middleware\ErrorHandlerMiddleware.php:115
- CORE\src\Http\Runner.php:82
- ROOT\vendor\cakephp\debug_kit\src\Middleware\DebugKitMiddleware.php:60
- CORE\src\Http\Runner.php:82
- CORE\src\Http\Runner.php:60
- CORE\src\Http\Server.php:104
- ROOT\webroot\index.php:37
- [main]:

Request URL: /pages
2025-09-27 01:48:16 error: [Cake\Controller\Exception\MissingComponentException] Component class `RequestHandlerComponent` could not be found. in C:\examenes_sistema\vendor\cakephp\cakephp\src\Controller\ComponentRegistry.php on line 130
Exception Attributes: array (
  'class' => 'RequestHandlerComponent',
  'plugin' => NULL,
)
Stack Trace:
- CORE\src\Core\ObjectRegistry.php:111
- CORE\src\Controller\Controller.php:284
- APP/Controller\AppController.php:13
- CORE\src\Controller\Controller.php:238
- [internal]:??
- CORE\src\Controller\ControllerFactory.php:111
- CORE\src\Http\BaseApplication.php:360
- CORE\src\Http\Runner.php:86
- ROOT\vendor\cakephp\authentication\src\Middleware\AuthenticationMiddleware.php:106
- CORE\src\Http\Runner.php:82
- CORE\src\Http\Middleware\CsrfProtectionMiddleware.php:169
- CORE\src\Http\Runner.php:82
- CORE\src\Http\Middleware\BodyParserMiddleware.php:157
- CORE\src\Http\Runner.php:82
- CORE\src\Routing\Middleware\RoutingMiddleware.php:117
- CORE\src\Http\Runner.php:82
- CORE\src\Routing\Middleware\AssetMiddleware.php:70
- CORE\src\Http\Runner.php:82
- CORE\src\Error\Middleware\ErrorHandlerMiddleware.php:115
- CORE\src\Http\Runner.php:82
- ROOT\vendor\cakephp\debug_kit\src\Middleware\DebugKitMiddleware.php:60
- CORE\src\Http\Runner.php:82
- CORE\src\Http\Runner.php:60
- CORE\src\Http\Server.php:104
- ROOT\webroot\index.php:37
- [main]:

Request URL: /
2025-09-27 01:48:35 error: [Cake\Controller\Exception\MissingComponentException] Component class `RequestHandlerComponent` could not be found. in C:\examenes_sistema\vendor\cakephp\cakephp\src\Controller\ComponentRegistry.php on line 130
Exception Attributes: array (
  'class' => 'RequestHandlerComponent',
  'plugin' => NULL,
)
Stack Trace:
- CORE\src\Core\ObjectRegistry.php:111
- CORE\src\Controller\Controller.php:284
- APP/Controller\AppController.php:13
- CORE\src\Controller\Controller.php:238
- [internal]:??
- CORE\src\Controller\ControllerFactory.php:111
- CORE\src\Http\BaseApplication.php:360
- CORE\src\Http\Runner.php:86
- ROOT\vendor\cakephp\authentication\src\Middleware\AuthenticationMiddleware.php:106
- CORE\src\Http\Runner.php:82
- CORE\src\Http\Middleware\CsrfProtectionMiddleware.php:169
- CORE\src\Http\Runner.php:82
- CORE\src\Http\Middleware\BodyParserMiddleware.php:157
- CORE\src\Http\Runner.php:82
- CORE\src\Routing\Middleware\RoutingMiddleware.php:117
- CORE\src\Http\Runner.php:82
- CORE\src\Routing\Middleware\AssetMiddleware.php:70
- CORE\src\Http\Runner.php:82
- CORE\src\Error\Middleware\ErrorHandlerMiddleware.php:115
- CORE\src\Http\Runner.php:82
- ROOT\vendor\cakephp\debug_kit\src\Middleware\DebugKitMiddleware.php:60
- CORE\src\Http\Runner.php:82
- CORE\src\Http\Runner.php:60
- CORE\src\Http\Server.php:104
- ROOT\webroot\index.php:37
- [main]:

Request URL: /users
2025-09-27 01:48:40 error: [Cake\Controller\Exception\MissingComponentException] Component class `RequestHandlerComponent` could not be found. in C:\examenes_sistema\vendor\cakephp\cakephp\src\Controller\ComponentRegistry.php on line 130
Exception Attributes: array (
  'class' => 'RequestHandlerComponent',
  'plugin' => NULL,
)
Stack Trace:
- CORE\src\Core\ObjectRegistry.php:111
- CORE\src\Controller\Controller.php:284
- APP/Controller\AppController.php:13
- CORE\src\Controller\Controller.php:238
- [internal]:??
- CORE\src\Controller\ControllerFactory.php:111
- CORE\src\Http\BaseApplication.php:360
- CORE\src\Http\Runner.php:86
- ROOT\vendor\cakephp\authentication\src\Middleware\AuthenticationMiddleware.php:106
- CORE\src\Http\Runner.php:82
- CORE\src\Http\Middleware\CsrfProtectionMiddleware.php:169
- CORE\src\Http\Runner.php:82
- CORE\src\Http\Middleware\BodyParserMiddleware.php:157
- CORE\src\Http\Runner.php:82
- CORE\src\Routing\Middleware\RoutingMiddleware.php:117
- CORE\src\Http\Runner.php:82
- CORE\src\Routing\Middleware\AssetMiddleware.php:70
- CORE\src\Http\Runner.php:82
- CORE\src\Error\Middleware\ErrorHandlerMiddleware.php:115
- CORE\src\Http\Runner.php:82
- ROOT\vendor\cakephp\debug_kit\src\Middleware\DebugKitMiddleware.php:60
- CORE\src\Http\Runner.php:82
- CORE\src\Http\Runner.php:60
- CORE\src\Http\Server.php:104
- ROOT\webroot\index.php:37
- [main]:

Request URL: /users/login
2025-09-27 01:48:46 error: [Cake\Controller\Exception\MissingComponentException] Component class `RequestHandlerComponent` could not be found. in C:\examenes_sistema\vendor\cakephp\cakephp\src\Controller\ComponentRegistry.php on line 130
Exception Attributes: array (
  'class' => 'RequestHandlerComponent',
  'plugin' => NULL,
)
Stack Trace:
- CORE\src\Core\ObjectRegistry.php:111
- CORE\src\Controller\Controller.php:284
- APP/Controller\AppController.php:13
- CORE\src\Controller\Controller.php:238
- [internal]:??
- CORE\src\Controller\ControllerFactory.php:111
- CORE\src\Http\BaseApplication.php:360
- CORE\src\Http\Runner.php:86
- ROOT\vendor\cakephp\authentication\src\Middleware\AuthenticationMiddleware.php:106
- CORE\src\Http\Runner.php:82
- CORE\src\Http\Middleware\CsrfProtectionMiddleware.php:169
- CORE\src\Http\Runner.php:82
- CORE\src\Http\Middleware\BodyParserMiddleware.php:157
- CORE\src\Http\Runner.php:82
- CORE\src\Routing\Middleware\RoutingMiddleware.php:117
- CORE\src\Http\Runner.php:82
- CORE\src\Routing\Middleware\AssetMiddleware.php:70
- CORE\src\Http\Runner.php:82
- CORE\src\Error\Middleware\ErrorHandlerMiddleware.php:115
- CORE\src\Http\Runner.php:82
- ROOT\vendor\cakephp\debug_kit\src\Middleware\DebugKitMiddleware.php:60
- CORE\src\Http\Runner.php:82
- CORE\src\Http\Runner.php:60
- CORE\src\Http\Server.php:104
- ROOT\webroot\index.php:37
- [main]:

Request URL: /reactivos
2025-09-27 01:50:31 error: [Cake\Controller\Exception\MissingComponentException] Component class `PaginatorComponent` could not be found. in C:\examenes_sistema\vendor\cakephp\cakephp\src\Controller\ComponentRegistry.php on line 130
Exception Attributes: array (
  'class' => 'PaginatorComponent',
  'plugin' => NULL,
)
Stack Trace:
- CORE\src\Core\ObjectRegistry.php:111
- CORE\src\Controller\Controller.php:284
- APP/Controller\AppController.php:15
- CORE\src\Controller\Controller.php:238
- [internal]:??
- CORE\src\Controller\ControllerFactory.php:111
- CORE\src\Http\BaseApplication.php:360
- CORE\src\Http\Runner.php:86
- ROOT\vendor\cakephp\authentication\src\Middleware\AuthenticationMiddleware.php:106
- CORE\src\Http\Runner.php:82
- CORE\src\Http\Middleware\CsrfProtectionMiddleware.php:169
- CORE\src\Http\Runner.php:82
- CORE\src\Http\Middleware\BodyParserMiddleware.php:157
- CORE\src\Http\Runner.php:82
- CORE\src\Routing\Middleware\RoutingMiddleware.php:117
- CORE\src\Http\Runner.php:82
- CORE\src\Routing\Middleware\AssetMiddleware.php:70
- CORE\src\Http\Runner.php:82
- CORE\src\Error\Middleware\ErrorHandlerMiddleware.php:115
- CORE\src\Http\Runner.php:82
- ROOT\vendor\cakephp\debug_kit\src\Middleware\DebugKitMiddleware.php:60
- CORE\src\Http\Runner.php:82
- CORE\src\Http\Runner.php:60
- CORE\src\Http\Server.php:104
- ROOT\webroot\index.php:37
- [main]:

Request URL: /users
2025-09-27 01:50:47 error: [Cake\Controller\Exception\MissingComponentException] Component class `PaginatorComponent` could not be found. in C:\examenes_sistema\vendor\cakephp\cakephp\src\Controller\ComponentRegistry.php on line 130
Exception Attributes: array (
  'class' => 'PaginatorComponent',
  'plugin' => NULL,
)
Stack Trace:
- CORE\src\Core\ObjectRegistry.php:111
- CORE\src\Controller\Controller.php:284
- APP/Controller\AppController.php:15
- CORE\src\Controller\Controller.php:238
- [internal]:??
- CORE\src\Controller\ControllerFactory.php:111
- CORE\src\Http\BaseApplication.php:360
- CORE\src\Http\Runner.php:86
- ROOT\vendor\cakephp\authentication\src\Middleware\AuthenticationMiddleware.php:106
- CORE\src\Http\Runner.php:82
- CORE\src\Http\Middleware\CsrfProtectionMiddleware.php:169
- CORE\src\Http\Runner.php:82
- CORE\src\Http\Middleware\BodyParserMiddleware.php:157
- CORE\src\Http\Runner.php:82
- CORE\src\Routing\Middleware\RoutingMiddleware.php:117
- CORE\src\Http\Runner.php:82
- CORE\src\Routing\Middleware\AssetMiddleware.php:70
- CORE\src\Http\Runner.php:82
- CORE\src\Error\Middleware\ErrorHandlerMiddleware.php:115
- CORE\src\Http\Runner.php:82
- ROOT\vendor\cakephp\debug_kit\src\Middleware\DebugKitMiddleware.php:60
- CORE\src\Http\Runner.php:82
- CORE\src\Http\Runner.php:60
- CORE\src\Http\Server.php:104
- ROOT\webroot\index.php:37
- [main]:

Request URL: /users/login
2025-09-27 01:57:17 error: [Error] Call to undefined method App\Controller\PagesController::loadModel() in C:\examenes_sistema\src\Controller\PagesController.php on line 13
Stack Trace:
- CORE\src\Controller\Controller.php:505
- CORE\src\Controller\ControllerFactory.php:166
- CORE\src\Controller\ControllerFactory.php:141
- CORE\src\Http\BaseApplication.php:362
- CORE\src\Http\Runner.php:86
- ROOT\vendor\cakephp\authentication\src\Middleware\AuthenticationMiddleware.php:106
- CORE\src\Http\Runner.php:82
- CORE\src\Http\Middleware\CsrfProtectionMiddleware.php:169
- CORE\src\Http\Runner.php:82
- CORE\src\Http\Middleware\BodyParserMiddleware.php:157
- CORE\src\Http\Runner.php:82
- CORE\src\Routing\Middleware\RoutingMiddleware.php:117
- CORE\src\Http\Runner.php:82
- CORE\src\Routing\Middleware\AssetMiddleware.php:70
- CORE\src\Http\Runner.php:82
- CORE\src\Error\Middleware\ErrorHandlerMiddleware.php:115
- CORE\src\Http\Runner.php:82
- ROOT\vendor\cakephp\debug_kit\src\Middleware\DebugKitMiddleware.php:60
- CORE\src\Http\Runner.php:82
- CORE\src\Http\Runner.php:60
- CORE\src\Http\Server.php:104
- ROOT\webroot\index.php:37
- [main]:

Request URL: /dashboard
Referer URL: http://localhost:8765/users/login
